<?xml version="1.0" encoding="UTF-8"?>
<testng-results skipped="0" failed="0" ignored="0" total="1" passed="1">
  <reporter-output>
  </reporter-output>
  <suite name="Default suite" duration-ms="173" started-at="2020-09-11T15:34:36 IST" finished-at="2020-09-11T15:34:36 IST">
    <groups>
    </groups>
    <test name="Default test" duration-ms="173" started-at="2020-09-11T15:34:36 IST" finished-at="2020-09-11T15:34:36 IST">
      <class name="test1">
        <test-method status="PASS" signature="streamFilter()[pri:0, instance:test1@5f9d02cb]" name="streamFilter" duration-ms="38" started-at="2020-09-11T15:34:36 IST" finished-at="2020-09-11T15:34:36 IST">
          <reporter-output>
          </reporter-output>
        </test-method> <!-- streamFilter -->
      </class> <!-- test1 -->
    </test> <!-- Default test -->
  </suite> <!-- Default suite -->
</testng-results>
