<?xml version="1.0" encoding="UTF-8"?>
<testng-results skipped="0" failed="0" ignored="0" total="1" passed="1">
  <reporter-output>
  </reporter-output>
  <suite name="Default suite" duration-ms="143" started-at="2020-08-04T19:35:34 IST" finished-at="2020-08-04T19:35:34 IST">
    <groups>
    </groups>
    <test name="Default test" duration-ms="143" started-at="2020-08-04T19:35:34 IST" finished-at="2020-08-04T19:35:34 IST">
      <class name="BasicsTestNG">
        <test-method status="PASS" signature="Demo()[pri:0, instance:BasicsTestNG@5f9d02cb]" name="Demo" duration-ms="32" started-at="2020-08-04T19:35:34 IST" finished-at="2020-08-04T19:35:34 IST">
          <reporter-output>
          </reporter-output>
        </test-method> <!-- Demo -->
      </class> <!-- BasicsTestNG -->
    </test> <!-- Default test -->
  </suite> <!-- Default suite -->
</testng-results>
