<?xml version="1.0" encoding="UTF-8"?>
<testng-results skipped="0" failed="0" ignored="0" total="1" passed="1">
  <reporter-output>
  </reporter-output>
  <suite name="Default suite" duration-ms="31187" started-at="2020-08-12T13:58:25 IST" finished-at="2020-08-12T13:58:56 IST">
    <groups>
    </groups>
    <test name="Default test" duration-ms="31187" started-at="2020-08-12T13:58:25 IST" finished-at="2020-08-12T13:58:56 IST">
      <class name="TestCases.LoginApplication">
        <test-method status="PASS" signature="login()[pri:0, instance:TestCases.LoginApplication@3e9b1010]" name="login" duration-ms="31106" started-at="2020-08-12T13:58:25 IST" finished-at="2020-08-12T13:58:56 IST">
          <reporter-output>
          </reporter-output>
        </test-method> <!-- login -->
      </class> <!-- TestCases.LoginApplication -->
    </test> <!-- Default test -->
  </suite> <!-- Default suite -->
</testng-results>
