<?xml version="1.0" encoding="UTF-8"?>
<testng-results skipped="0" failed="0" ignored="0" total="1" passed="1">
  <reporter-output>
  </reporter-output>
  <suite name="Default suite" duration-ms="35021" started-at="2020-08-10T13:33:08 IST" finished-at="2020-08-10T13:33:43 IST">
    <groups>
    </groups>
    <test name="Default test" duration-ms="35021" started-at="2020-08-10T13:33:08 IST" finished-at="2020-08-10T13:33:43 IST">
      <class name="rahulshettyacademy.ExtentReports.ExtentReportDemo">
        <test-method status="PASS" signature="config()[pri:0, instance:rahulshettyacademy.ExtentReports.ExtentReportDemo@4f063c0a]" name="config" is-config="true" duration-ms="959" started-at="2020-08-10T13:33:08 IST" finished-at="2020-08-10T13:33:09 IST">
          <reporter-output>
          </reporter-output>
        </test-method> <!-- config -->
        <test-method status="PASS" signature="initialDemo()[pri:0, instance:rahulshettyacademy.ExtentReports.ExtentReportDemo@4f063c0a]" name="initialDemo" duration-ms="33897" started-at="2020-08-10T13:33:09 IST" finished-at="2020-08-10T13:33:43 IST">
          <reporter-output>
          </reporter-output>
        </test-method> <!-- initialDemo -->
      </class> <!-- rahulshettyacademy.ExtentReports.ExtentReportDemo -->
    </test> <!-- Default test -->
  </suite> <!-- Default suite -->
</testng-results>
