<?xml version="1.0" encoding="UTF-8"?>
<!-- Generated by org.testng.reporters.JUnitXMLReporter -->
<testsuite hostname="DVCGL6104456" ignored="0" name="Test" tests="4" failures="0" timestamp="2020-08-15T14:40:28 IST" time="106.48" errors="0">
  <testcase name="basePageNavigation" time="23.635" classname="E2E.Academy.validateTitle"/>
  <testcase name="basePageNavigation" time="21.678" classname="E2E.Academy.HomePage"/>
  <testcase name="basePageNavigation" time="24.141" classname="E2E.Academy.HomePage"/>
  <testcase name="basePageNavigation" time="29.557" classname="E2E.Academy.validateNavBar"/>
</testsuite> <!-- Test -->
