<?xml version="1.0" encoding="UTF-8"?>
<!-- Generated by org.testng.reporters.JUnitXMLReporter -->
<testsuite hostname="DVCGL6104456" ignored="0" name="Validating Navigation Bar" tests="2" failures="2" timestamp="2020-08-16T18:27:46 IST" time="0.094" errors="0">
  <testcase name="@AfterTest teardown" time="0.001" classname="E2E.Academy.validateNavBar">
    <failure type="java.lang.NullPointerException">
      <![CDATA[java.lang.NullPointerException
at E2E.Academy.validateNavBar.teardown(validateNavBar.java:33)
at java.util.concurrent.FutureTask.run(Unknown Source)
at java.util.concurrent.ThreadPoolExecutor.runWorker(Unknown Source)
at java.util.concurrent.ThreadPoolExecutor$Worker.run(Unknown Source)
at java.lang.Thread.run(Unknown Source)
... Removed 15 stack frames]]>
    </failure>
  </testcase> <!-- @AfterTest teardown -->
  <testcase name="BarValidation" time="0.011" classname="E2E.Academy.validateNavBar">
    <failure type="java.lang.NullPointerException">
      <![CDATA[java.lang.NullPointerException
at E2E.Academy.Base.initializeDriver(Base.java:29)
at E2E.Academy.validateNavBar.BarValidation(validateNavBar.java:21)
at java.util.ArrayList.forEach(Unknown Source)
at java.util.concurrent.FutureTask.run(Unknown Source)
at java.util.concurrent.ThreadPoolExecutor.runWorker(Unknown Source)
at java.util.concurrent.ThreadPoolExecutor$Worker.run(Unknown Source)
at java.lang.Thread.run(Unknown Source)
... Removed 18 stack frames]]>
    </failure>
  </testcase> <!-- BarValidation -->
  <testcase name="BarValidation" time="0.058" classname="E2E.Academy.validateNavBar">
    <failure type="java.lang.NullPointerException">
      <![CDATA[java.lang.NullPointerException
at E2E.Academy.Base.getScreenShotPath(Base.java:51)
at E2E.Academy.Listeners.onTestFailure(Listeners.java:50)
at java.util.ArrayList.forEach(Unknown Source)
at java.util.concurrent.FutureTask.run(Unknown Source)
at java.util.concurrent.ThreadPoolExecutor.runWorker(Unknown Source)
at java.util.concurrent.ThreadPoolExecutor$Worker.run(Unknown Source)
at java.lang.Thread.run(Unknown Source)
... Removed 15 stack frames]]>
    </failure>
  </testcase> <!-- BarValidation -->
</testsuite> <!-- Validating Navigation Bar -->
