<?xml version="1.0" encoding="UTF-8"?>
<!-- Generated by org.testng.reporters.JUnitXMLReporter -->
<testsuite hostname="DVCGL6104456" ignored="0" name="Test" tests="4" failures="0" timestamp="2020-08-15T12:54:29 IST" time="45.178" errors="0">
  <testcase name="basePageNavigation" time="9.778" classname="E2E.Academy.validateTitle"/>
  <testcase name="basePageNavigation" time="9.313" classname="E2E.Academy.HomePage"/>
  <testcase name="basePageNavigation" time="13.689" classname="E2E.Academy.HomePage"/>
  <testcase name="basePageNavigation" time="11.455" classname="E2E.Academy.validateNavBar"/>
</testsuite> <!-- Test -->
